<?xml version="1.0" encoding="UTF-8"?>
<!-- Generated by org.testng.reporters.JUnitReportReporter -->
<testsuite hostname="DDC5-L-58JWT93" failures="0" tests="1" name="GetAllUsersBDDStyle" time="2.449" errors="0" timestamp="2022-02-18T10:42:54 IST" skipped="0">
  <testcase classname="GetAllUsersBDDStyle" name="getSingleUser" time="2.449"/>
  <system-out/>
</testsuite> <!-- GetAllUsersBDDStyle -->
